sh: line 1: fslmaths: command not found
sh: line 1: sct_get_centerline: command not found
sh: line 1: sct_create_mask: command not found
The config files should be manually modified first
All the raw data should be store in BIDS format
 
sub-101 have a func filename specitity: 
{'task-rest_acq-shimSlice+1mm+sms2': ['run-03']}
sub-102 have a func filename specitity: 
{'task-motor_acq-shimSlice+3mm': ['']}
101
/cerebro/cerebro1/dataset/spine_7T/derivatives/spine_7T_project/preprocessing/nov25/sub-101/
New folders in preprocess dir have been created
102
/cerebro/cerebro1/dataset/spine_7T/derivatives/spine_7T_project/preprocessing/nov25/sub-102/
103
/cerebro/cerebro1/dataset/spine_7T/derivatives/spine_7T_project/preprocessing/nov25/sub-103/
104
/cerebro/cerebro1/dataset/spine_7T/derivatives/spine_7T_project/preprocessing/nov25/sub-104/
Traceback (most recent call last):
  File "/export02/data/landelle/anaconda/lib/python3.10/site-packages/nibabel/loadsave.py", line 100, in load
    stat_result = os.stat(filename)
FileNotFoundError: [Errno 2] No such file or directory: '/cerebro/cerebro1/dataset/spine_7T/derivatives/spine_7T_project/preprocessing/nov25/sub-101/func/task-motor_acq-shimBase+3mm/sub-101_task-motor_acq-shimBase+3mm_bold_tmean.nii.gz'

During handling of the above exception, another exception occurred:

Traceback (most recent call last):
  File "/cerebro/cerebro1/dataset/spine_7T/spine_7T_analysis//code/01_spine7T_preprocessing.py", line 138, in <module>
    ctrl_sc_files_, mask_sc_files_=preprocess_Sc.moco_mask(ID=ID,i_img=mean_func_f[ID][tag][run_nb],
  File "/cerebro/cerebro1/dataset/spine_7T/spine_7T_analysis/code/brsc_preprocess.py", line 243, in moco_mask
    img_4d=nib.load(i_img) # load the 4D image
  File "/export02/data/landelle/anaconda/lib/python3.10/site-packages/nibabel/loadsave.py", line 102, in load
    raise FileNotFoundError(f"No such file or no access: '{filename}'")
FileNotFoundError: No such file or no access: '/cerebro/cerebro1/dataset/spine_7T/derivatives/spine_7T_project/preprocessing/nov25/sub-101/func/task-motor_acq-shimBase+3mm/sub-101_task-motor_acq-shimBase+3mm_bold_tmean.nii.gz'
